<?xml version="1.0" encoding="UTF-8"?>
<!-- Generated by org.testng.reporters.JUnitReportReporter -->
<testsuite hostname="QT-INNO-LT1525" failures="0" tests="1" name="tests.Pages2Test" time="11.886" errors="0" timestamp="2022-05-10T17:49:17 IST" skipped="0">
  <testcase classname="tests.Pages2Test" name="step_01" time="11.886"/>
  <system-out/>
</testsuite> <!-- tests.Pages2Test -->
