<?xml version="1.0" encoding="UTF-8"?>
<!-- Generated by org.testng.reporters.JUnitReportReporter -->
<testsuite skipped="3" hostname="QT-INNO-LT1525" name="tests.HerokuAppTest" tests="4" failures="0" timestamp="2022-05-09T18:00:05 IST" time="4.320" errors="1">
  <testcase name="step02_Checkboxes" time="0.000" classname="tests.HerokuAppTest">
    <skipped/>
  </testcase> <!-- step02_Checkboxes -->
  <system-out/>
  <testcase name="step01_FormAuthentication" time="0.000" classname="tests.HerokuAppTest">
    <skipped/>
  </testcase> <!-- step01_FormAuthentication -->
  <system-out/>
  <testcase name="step04_Dropdowns" time="0.000" classname="tests.HerokuAppTest">
    <skipped/>
  </testcase> <!-- step04_Dropdowns -->
  <system-out/>
  <testcase name="beforeClass" time="4.320" classname="tests.HerokuAppTest">
    <error type="java.lang.NullPointerException">
      <![CDATA[java.lang.NullPointerException
at herokuappPages.DragAndDrop.<init>(DragAndDrop.java:10)
at tests.HerokuAppTest.beforeClass(HerokuAppTest.java:87)
at sun.reflect.NativeMethodAccessorImpl.invoke0(Native Method)
at sun.reflect.NativeMethodAccessorImpl.invoke(Unknown Source)
at sun.reflect.DelegatingMethodAccessorImpl.invoke(Unknown Source)
at java.lang.reflect.Method.invoke(Unknown Source)
at org.testng.internal.invokers.MethodInvocationHelper.invokeMethod(MethodInvocationHelper.java:135)
at org.testng.internal.invokers.MethodInvocationHelper.invokeMethodConsideringTimeout(MethodInvocationHelper.java:65)
at org.testng.internal.invokers.ConfigInvoker.invokeConfigurationMethod(ConfigInvoker.java:381)
at org.testng.internal.invokers.ConfigInvoker.invokeConfigurations(ConfigInvoker.java:319)
at org.testng.internal.invokers.TestMethodWorker.invokeBeforeClassMethods(TestMethodWorker.java:178)
at org.testng.internal.invokers.TestMethodWorker.run(TestMethodWorker.java:122)
at java.util.ArrayList.forEach(Unknown Source)
at org.testng.TestRunner.privateRun(TestRunner.java:808)
at org.testng.TestRunner.run(TestRunner.java:603)
at org.testng.SuiteRunner.runTest(SuiteRunner.java:429)
at org.testng.SuiteRunner.runSequentially(SuiteRunner.java:423)
at org.testng.SuiteRunner.privateRun(SuiteRunner.java:383)
at org.testng.SuiteRunner.run(SuiteRunner.java:326)
at org.testng.SuiteRunnerWorker.runSuite(SuiteRunnerWorker.java:52)
at org.testng.SuiteRunnerWorker.run(SuiteRunnerWorker.java:95)
at org.testng.TestNG.runSuitesSequentially(TestNG.java:1249)
at org.testng.TestNG.runSuitesLocally(TestNG.java:1169)
at org.testng.TestNG.runSuites(TestNG.java:1092)
at org.testng.TestNG.run(TestNG.java:1060)
at org.testng.remote.AbstractRemoteTestNG.run(AbstractRemoteTestNG.java:115)
at org.testng.remote.RemoteTestNG.initAndRun(RemoteTestNG.java:251)
at org.testng.remote.RemoteTestNG.main(RemoteTestNG.java:77)
]]>
    </error>
  </testcase> <!-- beforeClass -->
  <system-out/>
</testsuite> <!-- tests.HerokuAppTest -->
